2014/04/29 18:05:44 [info] [application] $_GET=array (
  'p' => 'admin/install',
)

$_SERVER=array (
  'REDIRECT_STATUS' => '200',
  'HTTP_HOST' => 'denizen.dev',
  'HTTP_CONNECTION' => 'keep-alive',
  'HTTP_CACHE_CONTROL' => 'max-age=0',
  'HTTP_ACCEPT' => 'text/html,application/xhtml+xml,application/xml;q=0.9,image/webp,*/*;q=0.8',
  'HTTP_USER_AGENT' => 'Mozilla/5.0 (Macintosh; Intel Mac OS X 10_9_2) AppleWebKit/537.36 (KHTML, like Gecko) Chrome/34.0.1847.131 Safari/537.36',
  'HTTP_DNT' => '1',
  'HTTP_ACCEPT_ENCODING' => 'gzip,deflate,sdch',
  'HTTP_ACCEPT_LANGUAGE' => 'en-US,en;q=0.8',
  'PATH' => '/usr/bin:/bin:/usr/sbin:/sbin',
  'SERVER_SIGNATURE' => '',
  'SERVER_SOFTWARE' => 'Apache',
  'SERVER_NAME' => 'denizen.dev',
  'SERVER_ADDR' => '127.0.0.1',
  'SERVER_PORT' => '80',
  'REMOTE_ADDR' => '127.0.0.1',
  'DOCUMENT_ROOT' => '/Users/bcfeeney/Sites/denizen',
  'SERVER_ADMIN' => 'you@example.com',
  'SCRIPT_FILENAME' => '/Users/bcfeeney/Sites/denizen/index.php',
  'REMOTE_PORT' => '55927',
  'REDIRECT_QUERY_STRING' => 'p=admin/install',
  'REDIRECT_URL' => '/admin/install',
  'GATEWAY_INTERFACE' => 'CGI/1.1',
  'SERVER_PROTOCOL' => 'HTTP/1.1',
  'REQUEST_METHOD' => 'GET',
  'QUERY_STRING' => 'p=admin/install',
  'REQUEST_URI' => '/admin/install',
  'SCRIPT_NAME' => '/index.php',
  'PHP_SELF' => '/index.php',
  'REQUEST_TIME_FLOAT' => 1398794744.43,
  'REQUEST_TIME' => 1398794744,
  'argv' => 
  array (
    0 => 'p=admin/install',
  ),
  'argc' => 1,
)
2014/04/29 18:05:44 [profile] [system.db.CDbCommand.query] begin:system.db.CDbCommand.query(SHOW TABLES LIKE 'craft_%')
2014/04/29 18:05:44 [profile] [system.db.CDbCommand.query] end:system.db.CDbCommand.query(SHOW TABLES LIKE 'craft_%')
2014/04/29 18:05:44 [profile] [system.db.CDbCommand.query] begin:system.db.CDbCommand.query(SHOW ENGINES)
2014/04/29 18:05:44 [profile] [system.db.CDbCommand.query] end:system.db.CDbCommand.query(SHOW ENGINES)
2014/04/29 18:05:44 [info] [application] Cache says use LOCK_EX. Writing to /Users/bcfeeney/Sites/denizen/craft/storage/runtime/cache/ba395b0955f50e273aeef2f5456ddbd4.bin.

******************************************************************************************************
2014/04/29 18:06:24 [warning] [application] Skipping record /Users/bcfeeney/Sites/denizen/craft/app/records/BaseRecord.php because it’s abstract or an interface.

******************************************************************************************************
2014/04/29 18:07:25 [info] [application] [Forced] Starting task DeleteStaleTemplateCaches that has a total of 0 steps.
in /Users/bcfeeney/Sites/denizen/craft/app/services/TasksService.php (176)
2014/04/29 18:07:25 [info] [application] [Forced] Finished task 1 (DeleteStaleTemplateCaches).
in /Users/bcfeeney/Sites/denizen/craft/app/services/TasksService.php (221)

******************************************************************************************************
